# JRE version: OpenJDK Runtime Environment (8.0_152-b01) (build 1.8.0_152-release-1248-b01)
# Java VM: OpenJDK 64-Bit Server VM (25.152-b01 mixed mode windows-amd64 compressed oops)
Heap:
 PSYoungGen      total 412672K, used 195279K [0x00000000e0000000, 0x0000000100000000, 0x0000000100000000)
  eden space 312832K, 60% used [0x00000000e0000000,0x00000000eb99fd48,0x00000000f3180000)
  from space 99840K, 5% used [0x00000000f9080000,0x00000000f9594210,0x00000000ff200000)
  to   space 97280K, 0% used [0x00000000f3180000,0x00000000f3180000,0x00000000f9080000)
 ParOldGen       total 333824K, used 184400K [0x00000000a0000000, 0x00000000b4600000, 0x00000000e0000000)
  object space 333824K, 55% used [0x00000000a0000000,0x00000000ab414110,0x00000000b4600000)
 Metaspace       used 99582K, capacity 105968K, committed 109848K, reserved 1144832K
  class space    used 12033K, capacity 13194K, committed 13872K, reserved 1048576K
GC Heap History (10 events):
Event: 19225.847 GC heap before
{Heap before GC invocations=178 (full 12):
 PSYoungGen      total 426496K, used 15465K [0x00000000e0000000, 0x0000000100000000, 0x0000000100000000)
  eden space 324096K, 0% used [0x00000000e0000000,0x00000000e0000000,0x00000000f3c80000)
  from space 102400K, 15% used [0x00000000f9c00000,0x00000000fab1a5b0,0x0000000100000000)
  to   space 97792K, 0% used [0x00000000f3c80000,0x00000000f3c80000,0x00000000f9c00000)
 ParOldGen       total 445952K, used 395606K [0x00000000a0000000, 0x00000000bb380000, 0x00000000e0000000)
  object space 445952K, 88% used [0x00000000a0000000,0x00000000b82558e0,0x00000000bb380000)
 Metaspace       used 102244K, capacity 109204K, committed 109848K, reserved 1144832K
  class space    used 12358K, capacity 13697K, committed 13872K, reserved 1048576K
Event: 19226.507 GC heap after
Heap after GC invocations=178 (full 12):
 PSYoungGen      total 426496K, used 0K [0x00000000e0000000, 0x0000000100000000, 0x0000000100000000)
  eden space 324096K, 0% used [0x00000000e0000000,0x00000000e0000000,0x00000000f3c80000)
  from space 102400K, 0% used [0x00000000f9c00000,0x00000000f9c00000,0x0000000100000000)
  to   space 97792K, 0% used [0x00000000f3c80000,0x00000000f3c80000,0x00000000f9c00000)
 ParOldGen       total 333824K, used 92302K [0x00000000a0000000, 0x00000000b4600000, 0x00000000e0000000)
  object space 333824K, 27% used [0x00000000a0000000,0x00000000a5a23bf8,0x00000000b4600000)
 Metaspace       used 98266K, capacity 104280K, committed 109848K, reserved 1144832K
  class space    used 11839K, capacity 12886K, committed 13872K, reserved 1048576K
}
Event: 19227.101 GC heap before
{Heap before GC invocations=179 (full 12):
 PSYoungGen      total 426496K, used 324096K [0x00000000e0000000, 0x0000000100000000, 0x0000000100000000)
  eden space 324096K, 100% used [0x00000000e0000000,0x00000000f3c80000,0x00000000f3c80000)
  from space 102400K, 0% used [0x00000000f9c00000,0x00000000f9c00000,0x0000000100000000)
  to   space 97792K, 0% used [0x00000000f3c80000,0x00000000f3c80000,0x00000000f9c00000)
 ParOldGen       total 333824K, used 92302K [0x00000000a0000000, 0x00000000b4600000, 0x00000000e0000000)
  object space 333824K, 27% used [0x00000000a0000000,0x00000000a5a23bf8,0x00000000b4600000)
 Metaspace       used 98803K, capacity 104862K, committed 109848K, reserved 1144832K
  class space    used 11898K, capacity 12951K, committed 13872K, reserved 1048576K
Event: 19227.145 GC heap after
Heap after GC invocations=179 (full 12):
 PSYoungGen      total 402944K, used 78358K [0x00000000e0000000, 0x0000000100000000, 0x0000000100000000)
  eden space 324096K, 0% used [0x00000000e0000000,0x00000000e0000000,0x00000000f3c80000)
  from space 78848K, 99% used [0x00000000f3c80000,0x00000000f8905a98,0x00000000f8980000)
  to   space 109056K, 0% used [0x00000000f9580000,0x00000000f9580000,0x0000000100000000)
 ParOldGen       total 333824K, used 92310K [0x00000000a0000000, 0x00000000b4600000, 0x00000000e0000000)
  object space 333824K, 27% used [0x00000000a0000000,0x00000000a5a25bf8,0x00000000b4600000)
 Metaspace       used 98803K, capacity 104862K, committed 109848K, reserved 1144832K
  class space    used 11898K, capacity 12951K, committed 13872K, reserved 1048576K
}
Event: 21882.966 GC heap before
{Heap before GC invocations=180 (full 12):
 PSYoungGen      total 402944K, used 402454K [0x00000000e0000000, 0x0000000100000000, 0x0000000100000000)
  eden space 324096K, 100% used [0x00000000e0000000,0x00000000f3c80000,0x00000000f3c80000)
  from space 78848K, 99% used [0x00000000f3c80000,0x00000000f8905a98,0x00000000f8980000)
  to   space 109056K, 0% used [0x00000000f9580000,0x00000000f9580000,0x0000000100000000)
 ParOldGen       total 333824K, used 92310K [0x00000000a0000000, 0x00000000b4600000, 0x00000000e0000000)
  object space 333824K, 27% used [0x00000000a0000000,0x00000000a5a25bf8,0x00000000b4600000)
 Metaspace       used 98843K, capacity 104918K, committed 109848K, reserved 1144832K
  class space    used 11903K, capacity 12960K, committed 13872K, reserved 1048576K
Event: 21891.689 GC heap after
Heap after GC invocations=180 (full 12):
 PSYoungGen      total 419328K, used 15184K [0x00000000e0000000, 0x0000000100000000, 0x0000000100000000)
  eden space 310272K, 0% used [0x00000000e0000000,0x00000000e0000000,0x00000000f2f00000)
  from space 109056K, 13% used [0x00000000f9580000,0x00000000fa454270,0x0000000100000000)
  to   space 104960K, 0% used [0x00000000f2f00000,0x00000000f2f00000,0x00000000f9580000)
 ParOldGen       total 333824K, used 167113K [0x00000000a0000000, 0x00000000b4600000, 0x00000000e0000000)
  object space 333824K, 50% used [0x00000000a0000000,0x00000000aa332418,0x00000000b4600000)
 Metaspace       used 98843K, capacity 104918K, committed 109848K, reserved 1144832K
  class space    used 11903K, capacity 12960K, committed 13872K, reserved 1048576K
}
Event: 21916.519 GC heap before
{Heap before GC invocations=181 (full 12):
 PSYoungGen      total 419328K, used 325456K [0x00000000e0000000, 0x0000000100000000, 0x0000000100000000)
  eden space 310272K, 100% used [0x00000000e0000000,0x00000000f2f00000,0x00000000f2f00000)
  from space 109056K, 13% used [0x00000000f9580000,0x00000000fa454270,0x0000000100000000)
  to   space 104960K, 0% used [0x00000000f2f00000,0x00000000f2f00000,0x00000000f9580000)
 ParOldGen       total 333824K, used 167113K [0x00000000a0000000, 0x00000000b4600000, 0x00000000e0000000)
  object space 333824K, 50% used [0x00000000a0000000,0x00000000aa332418,0x00000000b4600000)
 Metaspace       used 98851K, capacity 104950K, committed 109848K, reserved 1144832K
  class space    used 11904K, capacity 12992K, committed 13872K, reserved 1048576K
Event: 21918.121 GC heap after
Heap after GC invocations=181 (full 12):
 PSYoungGen      total 331264K, used 20592K [0x00000000e0000000, 0x00000000ff200000, 0x0000000100000000)
  eden space 310272K, 0% used [0x00000000e0000000,0x00000000e0000000,0x00000000f2f00000)
  from space 20992K, 98% used [0x00000000f2f00000,0x00000000f431c208,0x00000000f4380000)
  to   space 99840K, 0% used [0x00000000f9080000,0x00000000f9080000,0x00000000ff200000)
 ParOldGen       total 333824K, used 180898K [0x00000000a0000000, 0x00000000b4600000, 0x00000000e0000000)
  object space 333824K, 54% used [0x00000000a0000000,0x00000000ab0a88b0,0x00000000b4600000)
 Metaspace       used 98851K, capacity 104950K, committed 109848K, reserved 1144832K
  class space    used 11904K, capacity 12992K, committed 13872K, reserved 1048576K
}
Event: 21927.254 GC heap before
{Heap before GC invocations=182 (full 12):
 PSYoungGen      total 331264K, used 330864K [0x00000000e0000000, 0x00000000ff200000, 0x0000000100000000)
  eden space 310272K, 100% used [0x00000000e0000000,0x00000000f2f00000,0x00000000f2f00000)
  from space 20992K, 98% used [0x00000000f2f00000,0x00000000f431c208,0x00000000f4380000)
  to   space 99840K, 0% used [0x00000000f9080000,0x00000000f9080000,0x00000000ff200000)
 ParOldGen       total 333824K, used 180898K [0x00000000a0000000, 0x00000000b4600000, 0x00000000e0000000)
  object space 333824K, 54% used [0x00000000a0000000,0x00000000ab0a88b0,0x00000000b4600000)
 Metaspace       used 98918K, capacity 105040K, committed 109848K, reserved 1144832K
  class space    used 11912K, capacity 13007K, committed 13872K, reserved 1048576K
Event: 21928.540 GC heap after
Heap after GC invocations=182 (full 12):
 PSYoungGen      total 412672K, used 5200K [0x00000000e0000000, 0x0000000100000000, 0x0000000100000000)
  eden space 312832K, 0% used [0x00000000e0000000,0x00000000e0000000,0x00000000f3180000)
  from space 99840K, 5% used [0x00000000f9080000,0x00000000f9594210,0x00000000ff200000)
  to   space 97280K, 0% used [0x00000000f3180000,0x00000000f3180000,0x00000000f9080000)
 ParOldGen       total 333824K, used 184400K [0x00000000a0000000, 0x00000000b4600000, 0x00000000e0000000)
  object space 333824K, 55% used [0x00000000a0000000,0x00000000ab414110,0x00000000b4600000)
 Metaspace       used 98918K, capacity 105040K, committed 109848K, reserved 1144832K
  class space    used 11912K, capacity 13007K, committed 13872K, reserved 1048576K
}

